[
  {
    "Plan": {
      "Node Type": "Limit",
      "Parallel Aware": false,
      "Startup Cost": 2.11,
      "Total Cost": 152.12,
      "Plan Rows": 5,
      "Plan Width": 163,
      "Actual Startup Time": 0.259,
      "Actual Total Time": 0.501,
      "Actual Rows": 5,
      "Actual Loops": 1,
      "Output": ["directions.id", "directions.domain_id", "directions.from_id", "directions.to_id", "directions.created_at", "directions.updated_at", "directions.popularity", "directions.avg_results_count", "directions.total_results_count", "directions.price_from_cents", "directions.price_from_currency", "directions.price_to_cents", "directions.price_to_currency", "directions.favorite", "directions.is_popular", "directions.is_international", "directions.preview", "directions.is_second_level", "directions.empty_searches_count", "directions.searches_with_results_count", "directions.is_third_level", "directions.seo_descriptions", "directions.seo_titles", "directions.recommended_carriers", "directions.distance", "directions.marketing_priority"],
      "Shared Hit Blocks": 112,
      "Shared Read Blocks": 5,
      "Shared Dirtied Blocks": 0,
      "Shared Written Blocks": 0,
      "Local Hit Blocks": 0,
      "Local Read Blocks": 0,
      "Local Dirtied Blocks": 0,
      "Local Written Blocks": 0,
      "Temp Read Blocks": 0,
      "Temp Written Blocks": 0,
      "Plans": [
        {
          "Node Type": "Nested Loop",
          "Parent Relationship": "Outer",
          "Parallel Aware": false,
          "Join Type": "Semi",
          "Startup Cost": 2.11,
          "Total Cost": 191805.17,
          "Plan Rows": 6393,
          "Plan Width": 163,
          "Actual Startup Time": 0.258,
          "Actual Total Time": 0.496,
          "Actual Rows": 5,
          "Actual Loops": 1,
          "Output": ["directions.id", "directions.domain_id", "directions.from_id", "directions.to_id", "directions.created_at", "directions.updated_at", "directions.popularity", "directions.avg_results_count", "directions.total_results_count", "directions.price_from_cents", "directions.price_from_currency", "directions.price_to_cents", "directions.price_to_currency", "directions.favorite", "directions.is_popular", "directions.is_international", "directions.preview", "directions.is_second_level", "directions.empty_searches_count", "directions.searches_with_results_count", "directions.is_third_level", "directions.seo_descriptions", "directions.seo_titles", "directions.recommended_carriers", "directions.distance", "directions.marketing_priority"],
          "Inner Unique": false,
          "Shared Hit Blocks": 112,
          "Shared Read Blocks": 5,
          "Shared Dirtied Blocks": 0,
          "Shared Written Blocks": 0,
          "Local Hit Blocks": 0,
          "Local Read Blocks": 0,
          "Local Dirtied Blocks": 0,
          "Local Written Blocks": 0,
          "Temp Read Blocks": 0,
          "Temp Written Blocks": 0,
          "Plans": [
            {
              "Node Type": "Nested Loop",
              "Parent Relationship": "Outer",
              "Parallel Aware": false,
              "Join Type": "Semi",
              "Startup Cost": 1.27,
              "Total Cost": 160954.63,
              "Plan Rows": 6393,
              "Plan Width": 163,
              "Actual Startup Time": 0.195,
              "Actual Total Time": 0.333,
              "Actual Rows": 5,
              "Actual Loops": 1,
              "Output": ["directions.id", "directions.domain_id", "directions.from_id", "directions.to_id", "directions.created_at", "directions.updated_at", "directions.popularity", "directions.avg_results_count", "directions.total_results_count", "directions.price_from_cents", "directions.price_from_currency", "directions.price_to_cents", "directions.price_to_currency", "directions.favorite", "directions.is_popular", "directions.is_international", "directions.preview", "directions.is_second_level", "directions.empty_searches_count", "directions.searches_with_results_count", "directions.is_third_level", "directions.seo_descriptions", "directions.seo_titles", "directions.recommended_carriers", "directions.distance", "directions.marketing_priority"],
              "Inner Unique": false,
              "Shared Hit Blocks": 70,
              "Shared Read Blocks": 4,
              "Shared Dirtied Blocks": 0,
              "Shared Written Blocks": 0,
              "Local Hit Blocks": 0,
              "Local Read Blocks": 0,
              "Local Dirtied Blocks": 0,
              "Local Written Blocks": 0,
              "Temp Read Blocks": 0,
              "Temp Written Blocks": 0,
              "Plans": [
                {
                  "Node Type": "Index Scan",
                  "Parent Relationship": "Outer",
                  "Parallel Aware": false,
                  "Scan Direction": "Backward",
                  "Index Name": "index_directions_on_popularity",
                  "Relation Name": "directions",
                  "Schema": "public",
                  "Alias": "directions",
                  "Startup Cost": 0.43,
                  "Total Cost": 160857.83,
                  "Plan Rows": 6393,
                  "Plan Width": 163,
                  "Actual Startup Time": 0.092,
                  "Actual Total Time": 0.230,
                  "Actual Rows": 5,
                  "Actual Loops": 1,
                  "Output": ["directions.id", "directions.domain_id", "directions.from_id", "directions.to_id", "directions.created_at", "directions.updated_at", "directions.popularity", "directions.avg_results_count", "directions.total_results_count", "directions.price_from_cents", "directions.price_from_currency", "directions.price_to_cents", "directions.price_to_currency", "directions.favorite", "directions.is_popular", "directions.is_international", "directions.preview", "directions.is_second_level", "directions.empty_searches_count", "directions.searches_with_results_count", "directions.is_third_level", "directions.seo_descriptions", "directions.seo_titles", "directions.recommended_carriers", "directions.distance", "directions.marketing_priority"],
                  "Filter": "((directions.from_id <> 3863) AND (directions.domain_id = 1) AND (directions.to_id = 4037))",
                  "Rows Removed by Filter": 53,
                  "Shared Hit Blocks": 59,
                  "Shared Read Blocks": 4,
                  "Shared Dirtied Blocks": 0,
                  "Shared Written Blocks": 0,
                  "Local Hit Blocks": 0,
                  "Local Read Blocks": 0,
                  "Local Dirtied Blocks": 0,
                  "Local Written Blocks": 0,
                  "Temp Read Blocks": 0,
                  "Temp Written Blocks": 0
                },
                {
                  "Node Type": "Materialize",
                  "Parent Relationship": "Inner",
                  "Parallel Aware": false,
                  "Startup Cost": 0.84,
                  "Total Cost": 16.89,
                  "Plan Rows": 1,
                  "Plan Width": 8,
                  "Actual Startup Time": 0.020,
                  "Actual Total Time": 0.020,
                  "Actual Rows": 1,
                  "Actual Loops": 5,
                  "Output": ["cities_1.id"],
                  "Shared Hit Blocks": 11,
                  "Shared Read Blocks": 0,
                  "Shared Dirtied Blocks": 0,
                  "Shared Written Blocks": 0,
                  "Local Hit Blocks": 0,
                  "Local Read Blocks": 0,
                  "Local Dirtied Blocks": 0,
                  "Local Written Blocks": 0,
                  "Temp Read Blocks": 0,
                  "Temp Written Blocks": 0,
                  "Plans": [
                    {
                      "Node Type": "Nested Loop",
                      "Parent Relationship": "Outer",
                      "Parallel Aware": false,
                      "Join Type": "Inner",
                      "Startup Cost": 0.84,
                      "Total Cost": 16.89,
                      "Plan Rows": 1,
                      "Plan Width": 8,
                      "Actual Startup Time": 0.093,
                      "Actual Total Time": 0.093,
                      "Actual Rows": 1,
                      "Actual Loops": 1,
                      "Output": ["cities_1.id"],
                      "Inner Unique": false,
                      "Shared Hit Blocks": 11,
                      "Shared Read Blocks": 0,
                      "Shared Dirtied Blocks": 0,
                      "Shared Written Blocks": 0,
                      "Local Hit Blocks": 0,
                      "Local Read Blocks": 0,
                      "Local Dirtied Blocks": 0,
                      "Local Written Blocks": 0,
                      "Temp Read Blocks": 0,
                      "Temp Written Blocks": 0,
                      "Plans": [
                        {
                          "Node Type": "Index Scan",
                          "Parent Relationship": "Outer",
                          "Parallel Aware": false,
                          "Scan Direction": "Forward",
                          "Index Name": "cities_pkey",
                          "Relation Name": "cities",
                          "Schema": "public",
                          "Alias": "cities_1",
                          "Startup Cost": 0.42,
                          "Total Cost": 8.44,
                          "Plan Rows": 1,
                          "Plan Width": 8,
                          "Actual Startup Time": 0.047,
                          "Actual Total Time": 0.047,
                          "Actual Rows": 1,
                          "Actual Loops": 1,
                          "Output": ["cities_1.id", "cities_1.gid", "cities_1.names", "cities_1.localized_slugs", "cities_1.country_id", "cities_1.hide", "cities_1.priority", "cities_1.created_at", "cities_1.updated_at", "cities_1.google_id", "cities_1.latitude", "cities_1.longitude", "cities_1.area", "cities_1.population", "cities_1.time_zone", "cities_1.promo_image", "cities_1.globus_id", "cities_1.feed_small_preview", "cities_1.feed_big_preview", "cities_1.slug", "cities_1.popularity", "cities_1.full_names", "cities_1.prepared_full_names", "cities_1.location_id", "cities_1.searchable_names", "cities_1.geo_point"],
                          "Index Cond": "(cities_1.id = 4037)",
                          "Rows Removed by Index Recheck": 0,
                          "Filter": "(NOT cities_1.hide)",
                          "Rows Removed by Filter": 0,
                          "Shared Hit Blocks": 7,
                          "Shared Read Blocks": 0,
                          "Shared Dirtied Blocks": 0,
                          "Shared Written Blocks": 0,
                          "Local Hit Blocks": 0,
                          "Local Read Blocks": 0,
                          "Local Dirtied Blocks": 0,
                          "Local Written Blocks": 0,
                          "Temp Read Blocks": 0,
                          "Temp Written Blocks": 0
                        },
                        {
                          "Node Type": "Index Only Scan",
                          "Parent Relationship": "Inner",
                          "Parallel Aware": false,
                          "Scan Direction": "Forward",
                          "Index Name": "index_cities_service_configs_on_service_config_id_and_city_id",
                          "Relation Name": "cities_service_configs",
                          "Schema": "public",
                          "Alias": "cities_service_configs_1",
                          "Startup Cost": 0.42,
                          "Total Cost": 8.44,
                          "Plan Rows": 1,
                          "Plan Width": 4,
                          "Actual Startup Time": 0.045,
                          "Actual Total Time": 0.045,
                          "Actual Rows": 1,
                          "Actual Loops": 1,
                          "Output": ["cities_service_configs_1.service_config_id", "cities_service_configs_1.city_id"],
                          "Index Cond": "((cities_service_configs_1.service_config_id = 15) AND (cities_service_configs_1.city_id = 4037))",
                          "Rows Removed by Index Recheck": 0,
                          "Heap Fetches": 1,
                          "Shared Hit Blocks": 4,
                          "Shared Read Blocks": 0,
                          "Shared Dirtied Blocks": 0,
                          "Shared Written Blocks": 0,
                          "Local Hit Blocks": 0,
                          "Local Read Blocks": 0,
                          "Local Dirtied Blocks": 0,
                          "Local Written Blocks": 0,
                          "Temp Read Blocks": 0,
                          "Temp Written Blocks": 0
                        }
                      ]
                    }
                  ]
                }
              ]
            },
            {
              "Node Type": "Nested Loop",
              "Parent Relationship": "Inner",
              "Parallel Aware": false,
              "Join Type": "Inner",
              "Startup Cost": 0.84,
              "Total Cost": 4.82,
              "Plan Rows": 1,
              "Plan Width": 12,
              "Actual Startup Time": 0.032,
              "Actual Total Time": 0.032,
              "Actual Rows": 1,
              "Actual Loops": 5,
              "Output": ["cities.id", "cities_service_configs.city_id"],
              "Inner Unique": false,
              "Shared Hit Blocks": 42,
              "Shared Read Blocks": 1,
              "Shared Dirtied Blocks": 0,
              "Shared Written Blocks": 0,
              "Local Hit Blocks": 0,
              "Local Read Blocks": 0,
              "Local Dirtied Blocks": 0,
              "Local Written Blocks": 0,
              "Temp Read Blocks": 0,
              "Temp Written Blocks": 0,
              "Plans": [
                {
                  "Node Type": "Index Scan",
                  "Parent Relationship": "Outer",
                  "Parallel Aware": false,
                  "Scan Direction": "Forward",
                  "Index Name": "cities_pkey",
                  "Relation Name": "cities",
                  "Schema": "public",
                  "Alias": "cities",
                  "Startup Cost": 0.42,
                  "Total Cost": 4.20,
                  "Plan Rows": 1,
                  "Plan Width": 8,
                  "Actual Startup Time": 0.016,
                  "Actual Total Time": 0.016,
                  "Actual Rows": 1,
                  "Actual Loops": 5,
                  "Output": ["cities.id", "cities.gid", "cities.names", "cities.localized_slugs", "cities.country_id", "cities.hide", "cities.priority", "cities.created_at", "cities.updated_at", "cities.google_id", "cities.latitude", "cities.longitude", "cities.area", "cities.population", "cities.time_zone", "cities.promo_image", "cities.globus_id", "cities.feed_small_preview", "cities.feed_big_preview", "cities.slug", "cities.popularity", "cities.full_names", "cities.prepared_full_names", "cities.location_id", "cities.searchable_names", "cities.geo_point"],
                  "Index Cond": "(cities.id = directions.from_id)",
                  "Rows Removed by Index Recheck": 0,
                  "Filter": "(NOT cities.hide)",
                  "Rows Removed by Filter": 0,
                  "Shared Hit Blocks": 19,
                  "Shared Read Blocks": 1,
                  "Shared Dirtied Blocks": 0,
                  "Shared Written Blocks": 0,
                  "Local Hit Blocks": 0,
                  "Local Read Blocks": 0,
                  "Local Dirtied Blocks": 0,
                  "Local Written Blocks": 0,
                  "Temp Read Blocks": 0,
                  "Temp Written Blocks": 0
                },
                {
                  "Node Type": "Index Only Scan",
                  "Parent Relationship": "Inner",
                  "Parallel Aware": false,
                  "Scan Direction": "Forward",
                  "Index Name": "index_cities_service_configs_on_service_config_id_and_city_id",
                  "Relation Name": "cities_service_configs",
                  "Schema": "public",
                  "Alias": "cities_service_configs",
                  "Startup Cost": 0.42,
                  "Total Cost": 0.60,
                  "Plan Rows": 1,
                  "Plan Width": 4,
                  "Actual Startup Time": 0.014,
                  "Actual Total Time": 0.014,
                  "Actual Rows": 1,
                  "Actual Loops": 5,
                  "Output": ["cities_service_configs.service_config_id", "cities_service_configs.city_id"],
                  "Index Cond": "((cities_service_configs.service_config_id = 15) AND (cities_service_configs.city_id = cities.id))",
                  "Rows Removed by Index Recheck": 0,
                  "Heap Fetches": 5,
                  "Shared Hit Blocks": 23,
                  "Shared Read Blocks": 0,
                  "Shared Dirtied Blocks": 0,
                  "Shared Written Blocks": 0,
                  "Local Hit Blocks": 0,
                  "Local Read Blocks": 0,
                  "Local Dirtied Blocks": 0,
                  "Local Written Blocks": 0,
                  "Temp Read Blocks": 0,
                  "Temp Written Blocks": 0
                }
              ]
            }
          ]
        }
      ]
    },
    "Planning Time": 4.786,
    "Triggers": [
    ],
    "Execution Time": 0.750
  }
]
